# JRE version: OpenJDK Runtime Environment (8.0_152-b02) (build 1.8.0_152-release-1024-b02)
# Java VM: OpenJDK 64-Bit Server VM (25.152-b02 mixed mode windows-amd64 compressed oops)
Heap:
 PSYoungGen      total 157696K, used 143360K [0x00000000e0000000, 0x00000000eca00000, 0x0000000100000000)
  eden space 143360K, 100% used [0x00000000e0000000,0x00000000e8c00000,0x00000000e8c00000)
  from space 14336K, 0% used [0x00000000e9980000,0x00000000e9980000,0x00000000ea780000)
  to   space 13824K, 68% used [0x00000000e8c00000,0x00000000e95392f0,0x00000000e9980000)
 ParOldGen       total 155648K, used 16659K [0x00000000a0000000, 0x00000000a9800000, 0x00000000e0000000)
  object space 155648K, 10% used [0x00000000a0000000,0x00000000a1044f50,0x00000000a9800000)
 Metaspace       used 46371K, capacity 47706K, committed 47960K, reserved 1091584K
  class space    used 6156K, capacity 6525K, committed 6528K, reserved 1048576K
GC Heap History (10 events):
Event: 2.596 GC heap after
Heap after GC invocations=4 (full 1):
 PSYoungGen      total 75264K, used 0K [0x00000000e0000000, 0x00000000e9300000, 0x0000000100000000)
  eden space 64512K, 0% used [0x00000000e0000000,0x00000000e0000000,0x00000000e3f00000)
  from space 10752K, 0% used [0x00000000e3f00000,0x00000000e3f00000,0x00000000e4980000)
  to   space 10752K, 0% used [0x00000000e8880000,0x00000000e8880000,0x00000000e9300000)
 ParOldGen       total 106496K, used 8941K [0x00000000a0000000, 0x00000000a6800000, 0x00000000e0000000)
  object space 106496K, 8% used [0x00000000a0000000,0x00000000a08bb588,0x00000000a6800000)
 Metaspace       used 20757K, capacity 21212K, committed 21248K, reserved 1067008K
  class space    used 2888K, capacity 3043K, committed 3072K, reserved 1048576K
}
Event: 3.251 GC heap before
{Heap before GC invocations=5 (full 1):
 PSYoungGen      total 75264K, used 64512K [0x00000000e0000000, 0x00000000e9300000, 0x0000000100000000)
  eden space 64512K, 100% used [0x00000000e0000000,0x00000000e3f00000,0x00000000e3f00000)
  from space 10752K, 0% used [0x00000000e3f00000,0x00000000e3f00000,0x00000000e4980000)
  to   space 10752K, 0% used [0x00000000e8880000,0x00000000e8880000,0x00000000e9300000)
 ParOldGen       total 106496K, used 8941K [0x00000000a0000000, 0x00000000a6800000, 0x00000000e0000000)
  object space 106496K, 8% used [0x00000000a0000000,0x00000000a08bb588,0x00000000a6800000)
 Metaspace       used 25911K, capacity 26508K, committed 26624K, reserved 1073152K
  class space    used 3624K, capacity 3777K, committed 3840K, reserved 1048576K
Event: 3.257 GC heap after
Heap after GC invocations=5 (full 1):
 PSYoungGen      total 102400K, used 6693K [0x00000000e0000000, 0x00000000e8f80000, 0x0000000100000000)
  eden space 95232K, 0% used [0x00000000e0000000,0x00000000e0000000,0x00000000e5d00000)
  from space 7168K, 93% used [0x00000000e8880000,0x00000000e8f09470,0x00000000e8f80000)
  to   space 10752K, 0% used [0x00000000e7a80000,0x00000000e7a80000,0x00000000e8500000)
 ParOldGen       total 106496K, used 8949K [0x00000000a0000000, 0x00000000a6800000, 0x00000000e0000000)
  object space 106496K, 8% used [0x00000000a0000000,0x00000000a08bd588,0x00000000a6800000)
 Metaspace       used 25911K, capacity 26508K, committed 26624K, reserved 1073152K
  class space    used 3624K, capacity 3777K, committed 3840K, reserved 1048576K
}
Event: 4.485 GC heap before
{Heap before GC invocations=6 (full 1):
 PSYoungGen      total 102400K, used 101925K [0x00000000e0000000, 0x00000000e8f80000, 0x0000000100000000)
  eden space 95232K, 100% used [0x00000000e0000000,0x00000000e5d00000,0x00000000e5d00000)
  from space 7168K, 93% used [0x00000000e8880000,0x00000000e8f09470,0x00000000e8f80000)
  to   space 10752K, 0% used [0x00000000e7a80000,0x00000000e7a80000,0x00000000e8500000)
 ParOldGen       total 106496K, used 8949K [0x00000000a0000000, 0x00000000a6800000, 0x00000000e0000000)
  object space 106496K, 8% used [0x00000000a0000000,0x00000000a08bd588,0x00000000a6800000)
 Metaspace       used 32459K, capacity 33266K, committed 33536K, reserved 1077248K
  class space    used 4536K, capacity 4786K, committed 4864K, reserved 1048576K
Event: 4.506 GC heap after
Heap after GC invocations=6 (full 1):
 PSYoungGen      total 136192K, used 10735K [0x00000000e0000000, 0x00000000ea780000, 0x0000000100000000)
  eden space 125440K, 0% used [0x00000000e0000000,0x00000000e0000000,0x00000000e7a80000)
  from space 10752K, 99% used [0x00000000e7a80000,0x00000000e84fbe80,0x00000000e8500000)
  to   space 14336K, 0% used [0x00000000e9980000,0x00000000e9980000,0x00000000ea780000)
 ParOldGen       total 106496K, used 11528K [0x00000000a0000000, 0x00000000a6800000, 0x00000000e0000000)
  object space 106496K, 10% used [0x00000000a0000000,0x00000000a0b42298,0x00000000a6800000)
 Metaspace       used 32459K, capacity 33266K, committed 33536K, reserved 1077248K
  class space    used 4536K, capacity 4786K, committed 4864K, reserved 1048576K
}
Event: 141.548 GC heap before
{Heap before GC invocations=7 (full 1):
 PSYoungGen      total 136192K, used 125072K [0x00000000e0000000, 0x00000000ea780000, 0x0000000100000000)
  eden space 125440K, 91% used [0x00000000e0000000,0x00000000e6fa8548,0x00000000e7a80000)
  from space 10752K, 99% used [0x00000000e7a80000,0x00000000e84fbe80,0x00000000e8500000)
  to   space 14336K, 0% used [0x00000000e9980000,0x00000000e9980000,0x00000000ea780000)
 ParOldGen       total 106496K, used 11528K [0x00000000a0000000, 0x00000000a6800000, 0x00000000e0000000)
  object space 106496K, 10% used [0x00000000a0000000,0x00000000a0b42298,0x00000000a6800000)
 Metaspace       used 34436K, capacity 35278K, committed 35416K, reserved 1079296K
  class space    used 4648K, capacity 4908K, committed 4992K, reserved 1048576K
Event: 141.555 GC heap after
Heap after GC invocations=7 (full 1):
 PSYoungGen      total 157696K, used 10259K [0x00000000e0000000, 0x00000000eca00000, 0x0000000100000000)
  eden space 143360K, 0% used [0x00000000e0000000,0x00000000e0000000,0x00000000e8c00000)
  from space 14336K, 71% used [0x00000000e9980000,0x00000000ea384e40,0x00000000ea780000)
  to   space 13824K, 0% used [0x00000000e8c00000,0x00000000e8c00000,0x00000000e9980000)
 ParOldGen       total 106496K, used 11536K [0x00000000a0000000, 0x00000000a6800000, 0x00000000e0000000)
  object space 106496K, 10% used [0x00000000a0000000,0x00000000a0b44298,0x00000000a6800000)
 Metaspace       used 34436K, capacity 35278K, committed 35416K, reserved 1079296K
  class space    used 4648K, capacity 4908K, committed 4992K, reserved 1048576K
}
Event: 141.555 GC heap before
{Heap before GC invocations=8 (full 2):
 PSYoungGen      total 157696K, used 10259K [0x00000000e0000000, 0x00000000eca00000, 0x0000000100000000)
  eden space 143360K, 0% used [0x00000000e0000000,0x00000000e0000000,0x00000000e8c00000)
  from space 14336K, 71% used [0x00000000e9980000,0x00000000ea384e40,0x00000000ea780000)
  to   space 13824K, 0% used [0x00000000e8c00000,0x00000000e8c00000,0x00000000e9980000)
 ParOldGen       total 106496K, used 11536K [0x00000000a0000000, 0x00000000a6800000, 0x00000000e0000000)
  object space 106496K, 10% used [0x00000000a0000000,0x00000000a0b44298,0x00000000a6800000)
 Metaspace       used 34436K, capacity 35278K, committed 35416K, reserved 1079296K
  class space    used 4648K, capacity 4908K, committed 4992K, reserved 1048576K
Event: 141.614 GC heap after
Heap after GC invocations=8 (full 2):
 PSYoungGen      total 157696K, used 0K [0x00000000e0000000, 0x00000000eca00000, 0x0000000100000000)
  eden space 143360K, 0% used [0x00000000e0000000,0x00000000e0000000,0x00000000e8c00000)
  from space 14336K, 0% used [0x00000000e9980000,0x00000000e9980000,0x00000000ea780000)
  to   space 13824K, 0% used [0x00000000e8c00000,0x00000000e8c00000,0x00000000e9980000)
 ParOldGen       total 155648K, used 16651K [0x00000000a0000000, 0x00000000a9800000, 0x00000000e0000000)
  object space 155648K, 10% used [0x00000000a0000000,0x00000000a1042f50,0x00000000a9800000)
 Metaspace       used 34436K, capacity 35278K, committed 35416K, reserved 1079296K
  class space    used 4648K, capacity 4908K, committed 4992K, reserved 1048576K
}
Event: 143.482 GC heap before
{Heap before GC invocations=9 (full 2):
 PSYoungGen      total 157696K, used 143360K [0x00000000e0000000, 0x00000000eca00000, 0x0000000100000000)
  eden space 143360K, 100% used [0x00000000e0000000,0x00000000e8c00000,0x00000000e8c00000)
  from space 14336K, 0% used [0x00000000e9980000,0x00000000e9980000,0x00000000ea780000)
  to   space 13824K, 0% used [0x00000000e8c00000,0x00000000e8c00000,0x00000000e9980000)
 ParOldGen       total 155648K, used 16651K [0x00000000a0000000, 0x00000000a9800000, 0x00000000e0000000)
  object space 155648K, 10% used [0x00000000a0000000,0x00000000a1042f50,0x00000000a9800000)
 Metaspace       used 46371K, capacity 47706K, committed 47960K, reserved 1091584K
  class space    used 6156K, capacity 6525K, committed 6528K, reserved 1048576K

