# JRE version: OpenJDK Runtime Environment (8.0_152-b02) (build 1.8.0_152-release-1024-b02)
# Java VM: OpenJDK 64-Bit Server VM (25.152-b02 mixed mode windows-amd64 compressed oops)
Heap:
 PSYoungGen      total 158208K, used 5538K [0x00000000e0000000, 0x00000000ec800000, 0x0000000100000000)
  eden space 139264K, 3% used [0x00000000e0000000,0x00000000e0568b18,0x00000000e8800000)
  from space 18944K, 0% used [0x00000000e9f00000,0x00000000e9f00000,0x00000000eb180000)
  to   space 23552K, 0% used [0x00000000e8800000,0x00000000e8800000,0x00000000e9f00000)
 ParOldGen       total 278016K, used 43142K [0x00000000a0000000, 0x00000000b0f80000, 0x00000000e0000000)
  object space 278016K, 15% used [0x00000000a0000000,0x00000000a2a21b78,0x00000000b0f80000)
 Metaspace       used 57267K, capacity 59158K, committed 59264K, reserved 1099776K
  class space    used 7848K, capacity 8288K, committed 8320K, reserved 1048576K
GC Heap History (10 events):
Event: 12.894 GC heap before
{Heap before GC invocations=9 (full 2):
 PSYoungGen      total 98816K, used 87040K [0x00000000e0000000, 0x00000000e7100000, 0x0000000100000000)
  eden space 87040K, 100% used [0x00000000e0000000,0x00000000e5500000,0x00000000e5500000)
  from space 11776K, 0% used [0x00000000e6200000,0x00000000e6200000,0x00000000e6d80000)
  to   space 13312K, 0% used [0x00000000e5500000,0x00000000e5500000,0x00000000e6200000)
 ParOldGen       total 188928K, used 18967K [0x00000000a0000000, 0x00000000ab880000, 0x00000000e0000000)
  object space 188928K, 10% used [0x00000000a0000000,0x00000000a1285c08,0x00000000ab880000)
 Metaspace       used 41836K, capacity 42728K, committed 43136K, reserved 1087488K
  class space    used 5643K, capacity 5921K, committed 6016K, reserved 1048576K
Event: 12.900 GC heap after
Heap after GC invocations=9 (full 2):
 PSYoungGen      total 100352K, used 9738K [0x00000000e0000000, 0x00000000e8b00000, 0x0000000100000000)
  eden space 87040K, 0% used [0x00000000e0000000,0x00000000e0000000,0x00000000e5500000)
  from space 13312K, 73% used [0x00000000e5500000,0x00000000e5e82a28,0x00000000e6200000)
  to   space 12800K, 0% used [0x00000000e7e80000,0x00000000e7e80000,0x00000000e8b00000)
 ParOldGen       total 188928K, used 18975K [0x00000000a0000000, 0x00000000ab880000, 0x00000000e0000000)
  object space 188928K, 10% used [0x00000000a0000000,0x00000000a1287c08,0x00000000ab880000)
 Metaspace       used 41836K, capacity 42728K, committed 43136K, reserved 1087488K
  class space    used 5643K, capacity 5921K, committed 6016K, reserved 1048576K
}
Event: 14.634 GC heap before
{Heap before GC invocations=10 (full 2):
 PSYoungGen      total 100352K, used 96778K [0x00000000e0000000, 0x00000000e8b00000, 0x0000000100000000)
  eden space 87040K, 100% used [0x00000000e0000000,0x00000000e5500000,0x00000000e5500000)
  from space 13312K, 73% used [0x00000000e5500000,0x00000000e5e82a28,0x00000000e6200000)
  to   space 12800K, 0% used [0x00000000e7e80000,0x00000000e7e80000,0x00000000e8b00000)
 ParOldGen       total 188928K, used 18975K [0x00000000a0000000, 0x00000000ab880000, 0x00000000e0000000)
  object space 188928K, 10% used [0x00000000a0000000,0x00000000a1287c08,0x00000000ab880000)
 Metaspace       used 49776K, capacity 50986K, committed 51200K, reserved 1093632K
  class space    used 6713K, capacity 7071K, committed 7168K, reserved 1048576K
Event: 14.643 GC heap after
Heap after GC invocations=10 (full 2):
 PSYoungGen      total 127488K, used 12780K [0x00000000e0000000, 0x00000000e9080000, 0x0000000100000000)
  eden space 114688K, 0% used [0x00000000e0000000,0x00000000e0000000,0x00000000e7000000)
  from space 12800K, 99% used [0x00000000e7e80000,0x00000000e8afb228,0x00000000e8b00000)
  to   space 14848K, 0% used [0x00000000e7000000,0x00000000e7000000,0x00000000e7e80000)
 ParOldGen       total 188928K, used 21267K [0x00000000a0000000, 0x00000000ab880000, 0x00000000e0000000)
  object space 188928K, 11% used [0x00000000a0000000,0x00000000a14c4f08,0x00000000ab880000)
 Metaspace       used 49776K, capacity 50986K, committed 51200K, reserved 1093632K
  class space    used 6713K, capacity 7071K, committed 7168K, reserved 1048576K
}
Event: 16.499 GC heap before
{Heap before GC invocations=11 (full 2):
 PSYoungGen      total 127488K, used 127468K [0x00000000e0000000, 0x00000000e9080000, 0x0000000100000000)
  eden space 114688K, 100% used [0x00000000e0000000,0x00000000e7000000,0x00000000e7000000)
  from space 12800K, 99% used [0x00000000e7e80000,0x00000000e8afb228,0x00000000e8b00000)
  to   space 14848K, 0% used [0x00000000e7000000,0x00000000e7000000,0x00000000e7e80000)
 ParOldGen       total 188928K, used 21267K [0x00000000a0000000, 0x00000000ab880000, 0x00000000e0000000)
  object space 188928K, 11% used [0x00000000a0000000,0x00000000a14c4f08,0x00000000ab880000)
 Metaspace       used 56342K, capacity 58098K, committed 58368K, reserved 1099776K
  class space    used 7694K, capacity 8130K, committed 8192K, reserved 1048576K
Event: 16.516 GC heap after
Heap after GC invocations=11 (full 2):
 PSYoungGen      total 129536K, used 14845K [0x00000000e0000000, 0x00000000eb180000, 0x0000000100000000)
  eden space 114688K, 0% used [0x00000000e0000000,0x00000000e0000000,0x00000000e7000000)
  from space 14848K, 99% used [0x00000000e7000000,0x00000000e7e7f520,0x00000000e7e80000)
  to   space 18944K, 0% used [0x00000000e9f00000,0x00000000e9f00000,0x00000000eb180000)
 ParOldGen       total 188928K, used 27161K [0x00000000a0000000, 0x00000000ab880000, 0x00000000e0000000)
  object space 188928K, 14% used [0x00000000a0000000,0x00000000a1a867e0,0x00000000ab880000)
 Metaspace       used 56342K, capacity 58098K, committed 58368K, reserved 1099776K
  class space    used 7694K, capacity 8130K, committed 8192K, reserved 1048576K
}
Event: 17.024 GC heap before
{Heap before GC invocations=12 (full 2):
 PSYoungGen      total 129536K, used 106412K [0x00000000e0000000, 0x00000000eb180000, 0x0000000100000000)
  eden space 114688K, 79% used [0x00000000e0000000,0x00000000e596bae0,0x00000000e7000000)
  from space 14848K, 99% used [0x00000000e7000000,0x00000000e7e7f520,0x00000000e7e80000)
  to   space 18944K, 0% used [0x00000000e9f00000,0x00000000e9f00000,0x00000000eb180000)
 ParOldGen       total 188928K, used 27161K [0x00000000a0000000, 0x00000000ab880000, 0x00000000e0000000)
  object space 188928K, 14% used [0x00000000a0000000,0x00000000a1a867e0,0x00000000ab880000)
 Metaspace       used 57032K, capacity 58952K, committed 59008K, reserved 1099776K
  class space    used 7809K, capacity 8282K, committed 8320K, reserved 1048576K
Event: 17.042 GC heap after
Heap after GC invocations=12 (full 2):
 PSYoungGen      total 158208K, used 18925K [0x00000000e0000000, 0x00000000ec800000, 0x0000000100000000)
  eden space 139264K, 0% used [0x00000000e0000000,0x00000000e0000000,0x00000000e8800000)
  from space 18944K, 99% used [0x00000000e9f00000,0x00000000eb17b510,0x00000000eb180000)
  to   space 23552K, 0% used [0x00000000e8800000,0x00000000e8800000,0x00000000e9f00000)
 ParOldGen       total 188928K, used 34368K [0x00000000a0000000, 0x00000000ab880000, 0x00000000e0000000)
  object space 188928K, 18% used [0x00000000a0000000,0x00000000a21902a0,0x00000000ab880000)
 Metaspace       used 57032K, capacity 58952K, committed 59008K, reserved 1099776K
  class space    used 7809K, capacity 8282K, committed 8320K, reserved 1048576K
}
Event: 17.042 GC heap before
{Heap before GC invocations=13 (full 3):
 PSYoungGen      total 158208K, used 18925K [0x00000000e0000000, 0x00000000ec800000, 0x0000000100000000)
  eden space 139264K, 0% used [0x00000000e0000000,0x00000000e0000000,0x00000000e8800000)
  from space 18944K, 99% used [0x00000000e9f00000,0x00000000eb17b510,0x00000000eb180000)
  to   space 23552K, 0% used [0x00000000e8800000,0x00000000e8800000,0x00000000e9f00000)
 ParOldGen       total 188928K, used 34368K [0x00000000a0000000, 0x00000000ab880000, 0x00000000e0000000)
  object space 188928K, 18% used [0x00000000a0000000,0x00000000a21902a0,0x00000000ab880000)
 Metaspace       used 57032K, capacity 58952K, committed 59008K, reserved 1099776K
  class space    used 7809K, capacity 8282K, committed 8320K, reserved 1048576K
Event: 17.293 GC heap after
Heap after GC invocations=13 (full 3):
 PSYoungGen      total 158208K, used 0K [0x00000000e0000000, 0x00000000ec800000, 0x0000000100000000)
  eden space 139264K, 0% used [0x00000000e0000000,0x00000000e0000000,0x00000000e8800000)
  from space 18944K, 0% used [0x00000000e9f00000,0x00000000e9f00000,0x00000000eb180000)
  to   space 23552K, 0% used [0x00000000e8800000,0x00000000e8800000,0x00000000e9f00000)
 ParOldGen       total 278016K, used 43142K [0x00000000a0000000, 0x00000000b0f80000, 0x00000000e0000000)
  object space 278016K, 15% used [0x00000000a0000000,0x00000000a2a21b78,0x00000000b0f80000)
 Metaspace       used 57032K, capacity 58952K, committed 59008K, reserved 1099776K
  class space    used 7809K, capacity 8282K, committed 8320K, reserved 1048576K
}

