# JRE version: OpenJDK Runtime Environment (8.0_152-b02) (build 1.8.0_152-release-1024-b02)
# Java VM: OpenJDK 64-Bit Server VM (25.152-b02 mixed mode windows-amd64 compressed oops)
Heap:
 PSYoungGen      total 155136K, used 38620K [0x00000000e0000000, 0x00000000ecd00000, 0x0000000100000000)
  eden space 141312K, 17% used [0x00000000e0000000,0x00000000e1868390,0x00000000e8a00000)
  from space 13824K, 98% used [0x00000000e9900000,0x00000000ea64ecb8,0x00000000ea680000)
  to   space 15360K, 0% used [0x00000000e8a00000,0x00000000e8a00000,0x00000000e9900000)
 ParOldGen       total 174080K, used 19853K [0x00000000a0000000, 0x00000000aaa00000, 0x00000000e0000000)
  object space 174080K, 11% used [0x00000000a0000000,0x00000000a1363578,0x00000000aaa00000)
 Metaspace       used 45836K, capacity 46618K, committed 46936K, reserved 1089536K
  class space    used 6236K, capacity 6450K, committed 6528K, reserved 1048576K
GC Heap History (10 events):
Event: 2.517 GC heap before
{Heap before GC invocations=4 (full 1):
 PSYoungGen      total 75264K, used 9179K [0x00000000e0000000, 0x00000000e9300000, 0x0000000100000000)
  eden space 64512K, 0% used [0x00000000e0000000,0x00000000e0000000,0x00000000e3f00000)
  from space 10752K, 85% used [0x00000000e3f00000,0x00000000e47f6f48,0x00000000e4980000)
  to   space 10752K, 0% used [0x00000000e8880000,0x00000000e8880000,0x00000000e9300000)
 ParOldGen       total 172032K, used 58K [0x00000000a0000000, 0x00000000aa800000, 0x00000000e0000000)
  object space 172032K, 0% used [0x00000000a0000000,0x00000000a000eb58,0x00000000aa800000)
 Metaspace       used 20719K, capacity 21078K, committed 21248K, reserved 1067008K
  class space    used 2880K, capacity 2989K, committed 3072K, reserved 1048576K
Event: 2.554 GC heap after
Heap after GC invocations=4 (full 1):
 PSYoungGen      total 75264K, used 0K [0x00000000e0000000, 0x00000000e9300000, 0x0000000100000000)
  eden space 64512K, 0% used [0x00000000e0000000,0x00000000e0000000,0x00000000e3f00000)
  from space 10752K, 0% used [0x00000000e3f00000,0x00000000e3f00000,0x00000000e4980000)
  to   space 10752K, 0% used [0x00000000e8880000,0x00000000e8880000,0x00000000e9300000)
 ParOldGen       total 105472K, used 8940K [0x00000000a0000000, 0x00000000a6700000, 0x00000000e0000000)
  object space 105472K, 8% used [0x00000000a0000000,0x00000000a08bb090,0x00000000a6700000)
 Metaspace       used 20719K, capacity 21078K, committed 21248K, reserved 1067008K
  class space    used 2880K, capacity 2989K, committed 3072K, reserved 1048576K
}
Event: 3.138 GC heap before
{Heap before GC invocations=5 (full 1):
 PSYoungGen      total 75264K, used 64512K [0x00000000e0000000, 0x00000000e9300000, 0x0000000100000000)
  eden space 64512K, 100% used [0x00000000e0000000,0x00000000e3f00000,0x00000000e3f00000)
  from space 10752K, 0% used [0x00000000e3f00000,0x00000000e3f00000,0x00000000e4980000)
  to   space 10752K, 0% used [0x00000000e8880000,0x00000000e8880000,0x00000000e9300000)
 ParOldGen       total 105472K, used 8940K [0x00000000a0000000, 0x00000000a6700000, 0x00000000e0000000)
  object space 105472K, 8% used [0x00000000a0000000,0x00000000a08bb090,0x00000000a6700000)
 Metaspace       used 26290K, capacity 26704K, committed 27136K, reserved 1073152K
  class space    used 3619K, capacity 3746K, committed 3840K, reserved 1048576K
Event: 3.146 GC heap after
Heap after GC invocations=5 (full 1):
 PSYoungGen      total 103936K, used 6952K [0x00000000e0000000, 0x00000000e8f80000, 0x0000000100000000)
  eden space 96768K, 0% used [0x00000000e0000000,0x00000000e0000000,0x00000000e5e80000)
  from space 7168K, 96% used [0x00000000e8880000,0x00000000e8f4a280,0x00000000e8f80000)
  to   space 10752K, 0% used [0x00000000e7a80000,0x00000000e7a80000,0x00000000e8500000)
 ParOldGen       total 105472K, used 8948K [0x00000000a0000000, 0x00000000a6700000, 0x00000000e0000000)
  object space 105472K, 8% used [0x00000000a0000000,0x00000000a08bd090,0x00000000a6700000)
 Metaspace       used 26290K, capacity 26704K, committed 27136K, reserved 1073152K
  class space    used 3619K, capacity 3746K, committed 3840K, reserved 1048576K
}
Event: 4.225 GC heap before
{Heap before GC invocations=6 (full 1):
 PSYoungGen      total 103936K, used 100585K [0x00000000e0000000, 0x00000000e8f80000, 0x0000000100000000)
  eden space 96768K, 96% used [0x00000000e0000000,0x00000000e5b702d0,0x00000000e5e80000)
  from space 7168K, 96% used [0x00000000e8880000,0x00000000e8f4a280,0x00000000e8f80000)
  to   space 10752K, 0% used [0x00000000e7a80000,0x00000000e7a80000,0x00000000e8500000)
 ParOldGen       total 105472K, used 8948K [0x00000000a0000000, 0x00000000a6700000, 0x00000000e0000000)
  object space 105472K, 8% used [0x00000000a0000000,0x00000000a08bd090,0x00000000a6700000)
 Metaspace       used 34813K, capacity 35284K, committed 35416K, reserved 1079296K
  class space    used 4776K, capacity 4950K, committed 4992K, reserved 1048576K
Event: 4.235 GC heap after
Heap after GC invocations=6 (full 1):
 PSYoungGen      total 136192K, used 10728K [0x00000000e0000000, 0x00000000ea680000, 0x0000000100000000)
  eden space 125440K, 0% used [0x00000000e0000000,0x00000000e0000000,0x00000000e7a80000)
  from space 10752K, 99% used [0x00000000e7a80000,0x00000000e84fa0a0,0x00000000e8500000)
  to   space 13824K, 0% used [0x00000000e9900000,0x00000000e9900000,0x00000000ea680000)
 ParOldGen       total 105472K, used 11329K [0x00000000a0000000, 0x00000000a6700000, 0x00000000e0000000)
  object space 105472K, 10% used [0x00000000a0000000,0x00000000a0b10448,0x00000000a6700000)
 Metaspace       used 34813K, capacity 35284K, committed 35416K, reserved 1079296K
  class space    used 4776K, capacity 4950K, committed 4992K, reserved 1048576K
}
Event: 4.235 GC heap before
{Heap before GC invocations=7 (full 2):
 PSYoungGen      total 136192K, used 10728K [0x00000000e0000000, 0x00000000ea680000, 0x0000000100000000)
  eden space 125440K, 0% used [0x00000000e0000000,0x00000000e0000000,0x00000000e7a80000)
  from space 10752K, 99% used [0x00000000e7a80000,0x00000000e84fa0a0,0x00000000e8500000)
  to   space 13824K, 0% used [0x00000000e9900000,0x00000000e9900000,0x00000000ea680000)
 ParOldGen       total 105472K, used 11329K [0x00000000a0000000, 0x00000000a6700000, 0x00000000e0000000)
  object space 105472K, 10% used [0x00000000a0000000,0x00000000a0b10448,0x00000000a6700000)
 Metaspace       used 34813K, capacity 35284K, committed 35416K, reserved 1079296K
  class space    used 4776K, capacity 4950K, committed 4992K, reserved 1048576K
Event: 4.273 GC heap after
Heap after GC invocations=7 (full 2):
 PSYoungGen      total 136192K, used 0K [0x00000000e0000000, 0x00000000ea680000, 0x0000000100000000)
  eden space 125440K, 0% used [0x00000000e0000000,0x00000000e0000000,0x00000000e7a80000)
  from space 10752K, 0% used [0x00000000e7a80000,0x00000000e7a80000,0x00000000e8500000)
  to   space 13824K, 0% used [0x00000000e9900000,0x00000000e9900000,0x00000000ea680000)
 ParOldGen       total 174080K, used 19845K [0x00000000a0000000, 0x00000000aaa00000, 0x00000000e0000000)
  object space 174080K, 11% used [0x00000000a0000000,0x00000000a1361578,0x00000000aaa00000)
 Metaspace       used 34813K, capacity 35284K, committed 35416K, reserved 1079296K
  class space    used 4776K, capacity 4950K, committed 4992K, reserved 1048576K
}
Event: 5.319 GC heap before
{Heap before GC invocations=8 (full 2):
 PSYoungGen      total 136192K, used 125440K [0x00000000e0000000, 0x00000000ea680000, 0x0000000100000000)
  eden space 125440K, 100% used [0x00000000e0000000,0x00000000e7a80000,0x00000000e7a80000)
  from space 10752K, 0% used [0x00000000e7a80000,0x00000000e7a80000,0x00000000e8500000)
  to   space 13824K, 0% used [0x00000000e9900000,0x00000000e9900000,0x00000000ea680000)
 ParOldGen       total 174080K, used 19845K [0x00000000a0000000, 0x00000000aaa00000, 0x00000000e0000000)
  object space 174080K, 11% used [0x00000000a0000000,0x00000000a1361578,0x00000000aaa00000)
 Metaspace       used 42431K, capacity 43212K, committed 43480K, reserved 1087488K
  class space    used 5845K, capacity 6089K, committed 6144K, reserved 1048576K
Event: 5.336 GC heap after
Heap after GC invocations=8 (full 2):
 PSYoungGen      total 155136K, used 13627K [0x00000000e0000000, 0x00000000ecd00000, 0x0000000100000000)
  eden space 141312K, 0% used [0x00000000e0000000,0x00000000e0000000,0x00000000e8a00000)
  from space 13824K, 98% used [0x00000000e9900000,0x00000000ea64ecb8,0x00000000ea680000)
  to   space 15360K, 0% used [0x00000000e8a00000,0x00000000e8a00000,0x00000000e9900000)
 ParOldGen       total 174080K, used 19853K [0x00000000a0000000, 0x00000000aaa00000, 0x00000000e0000000)
  object space 174080K, 11% used [0x00000000a0000000,0x00000000a1363578,0x00000000aaa00000)
 Metaspace       used 42431K, capacity 43212K, committed 43480K, reserved 1087488K
  class space    used 5845K, capacity 6089K, committed 6144K, reserved 1048576K
}

