# JRE version: OpenJDK Runtime Environment (8.0_152-b02) (build 1.8.0_152-release-1024-b02)
# Java VM: OpenJDK 64-Bit Server VM (25.152-b02 mixed mode windows-amd64 compressed oops)
Heap:
 PSYoungGen      total 365568K, used 265338K [0x00000000e0000000, 0x0000000100000000, 0x0000000100000000)
  eden space 340992K, 73% used [0x00000000e0000000,0x00000000ef3fc2d8,0x00000000f4d00000)
  from space 24576K, 63% used [0x00000000f4d00000,0x00000000f5c22710,0x00000000f6500000)
  to   space 24064K, 0% used [0x00000000fe880000,0x00000000fe880000,0x0000000100000000)
 ParOldGen       total 171008K, used 48180K [0x00000000a0000000, 0x00000000aa700000, 0x00000000e0000000)
  object space 171008K, 28% used [0x00000000a0000000,0x00000000a2f0d138,0x00000000aa700000)
 Metaspace       used 70379K, capacity 73294K, committed 73344K, reserved 1112064K
  class space    used 9105K, capacity 9817K, committed 9856K, reserved 1048576K
GC Heap History (10 events):
Event: 56.162 GC heap before
{Heap before GC invocations=10 (full 2):
 PSYoungGen      total 159744K, used 159724K [0x00000000e0000000, 0x00000000f0c80000, 0x0000000100000000)
  eden space 145920K, 100% used [0x00000000e0000000,0x00000000e8e80000,0x00000000e8e80000)
  from space 13824K, 99% used [0x00000000e8e80000,0x00000000e9bfb150,0x00000000e9c00000)
  to   space 16384K, 0% used [0x00000000efc80000,0x00000000efc80000,0x00000000f0c80000)
 ParOldGen       total 140800K, used 17303K [0x00000000a0000000, 0x00000000a8980000, 0x00000000e0000000)
  object space 140800K, 12% used [0x00000000a0000000,0x00000000a10e5d00,0x00000000a8980000)
 Metaspace       used 56355K, capacity 58342K, committed 58496K, reserved 1099776K
  class space    used 7493K, capacity 8024K, committed 8064K, reserved 1048576K
Event: 56.177 GC heap after
Heap after GC invocations=10 (full 2):
 PSYoungGen      total 251392K, used 16359K [0x00000000e0000000, 0x00000000f0e80000, 0x0000000100000000)
  eden space 235008K, 0% used [0x00000000e0000000,0x00000000e0000000,0x00000000ee580000)
  from space 16384K, 99% used [0x00000000efc80000,0x00000000f0c79c98,0x00000000f0c80000)
  to   space 20992K, 0% used [0x00000000ee580000,0x00000000ee580000,0x00000000efa00000)
 ParOldGen       total 140800K, used 24039K [0x00000000a0000000, 0x00000000a8980000, 0x00000000e0000000)
  object space 140800K, 17% used [0x00000000a0000000,0x00000000a1779e00,0x00000000a8980000)
 Metaspace       used 56355K, capacity 58342K, committed 58496K, reserved 1099776K
  class space    used 7493K, capacity 8024K, committed 8064K, reserved 1048576K
}
Event: 56.258 GC heap before
{Heap before GC invocations=11 (full 2):
 PSYoungGen      total 251392K, used 29152K [0x00000000e0000000, 0x00000000f0e80000, 0x0000000100000000)
  eden space 235008K, 5% used [0x00000000e0000000,0x00000000e0c7e620,0x00000000ee580000)
  from space 16384K, 99% used [0x00000000efc80000,0x00000000f0c79c98,0x00000000f0c80000)
  to   space 20992K, 0% used [0x00000000ee580000,0x00000000ee580000,0x00000000efa00000)
 ParOldGen       total 140800K, used 24039K [0x00000000a0000000, 0x00000000a8980000, 0x00000000e0000000)
  object space 140800K, 17% used [0x00000000a0000000,0x00000000a1779e00,0x00000000a8980000)
 Metaspace       used 56993K, capacity 58912K, committed 59028K, reserved 1099776K
  class space    used 7588K, capacity 8113K, committed 8192K, reserved 1048576K
Event: 56.274 GC heap after
Heap after GC invocations=11 (full 2):
 PSYoungGen      total 256000K, used 16273K [0x00000000e0000000, 0x00000000f7a80000, 0x0000000100000000)
  eden space 235008K, 0% used [0x00000000e0000000,0x00000000e0000000,0x00000000ee580000)
  from space 20992K, 77% used [0x00000000ee580000,0x00000000ef5645c0,0x00000000efa00000)
  to   space 22016K, 0% used [0x00000000f6500000,0x00000000f6500000,0x00000000f7a80000)
 ParOldGen       total 140800K, used 24047K [0x00000000a0000000, 0x00000000a8980000, 0x00000000e0000000)
  object space 140800K, 17% used [0x00000000a0000000,0x00000000a177be00,0x00000000a8980000)
 Metaspace       used 56993K, capacity 58912K, committed 59028K, reserved 1099776K
  class space    used 7588K, capacity 8113K, committed 8192K, reserved 1048576K
}
Event: 56.274 GC heap before
{Heap before GC invocations=12 (full 3):
 PSYoungGen      total 256000K, used 16273K [0x00000000e0000000, 0x00000000f7a80000, 0x0000000100000000)
  eden space 235008K, 0% used [0x00000000e0000000,0x00000000e0000000,0x00000000ee580000)
  from space 20992K, 77% used [0x00000000ee580000,0x00000000ef5645c0,0x00000000efa00000)
  to   space 22016K, 0% used [0x00000000f6500000,0x00000000f6500000,0x00000000f7a80000)
 ParOldGen       total 140800K, used 24047K [0x00000000a0000000, 0x00000000a8980000, 0x00000000e0000000)
  object space 140800K, 17% used [0x00000000a0000000,0x00000000a177be00,0x00000000a8980000)
 Metaspace       used 56993K, capacity 58912K, committed 59028K, reserved 1099776K
  class space    used 7588K, capacity 8113K, committed 8192K, reserved 1048576K
Event: 56.457 GC heap after
Heap after GC invocations=12 (full 3):
 PSYoungGen      total 256000K, used 0K [0x00000000e0000000, 0x00000000f7a80000, 0x0000000100000000)
  eden space 235008K, 0% used [0x00000000e0000000,0x00000000e0000000,0x00000000ee580000)
  from space 20992K, 0% used [0x00000000ee580000,0x00000000ee580000,0x00000000efa00000)
  to   space 22016K, 0% used [0x00000000f6500000,0x00000000f6500000,0x00000000f7a80000)
 ParOldGen       total 171008K, used 29883K [0x00000000a0000000, 0x00000000aa700000, 0x00000000e0000000)
  object space 171008K, 17% used [0x00000000a0000000,0x00000000a1d2ee68,0x00000000aa700000)
 Metaspace       used 56942K, capacity 58780K, committed 59028K, reserved 1099776K
  class space    used 7575K, capacity 8069K, committed 8192K, reserved 1048576K
}
Event: 86.520 GC heap before
{Heap before GC invocations=13 (full 3):
 PSYoungGen      total 256000K, used 235008K [0x00000000e0000000, 0x00000000f7a80000, 0x0000000100000000)
  eden space 235008K, 100% used [0x00000000e0000000,0x00000000ee580000,0x00000000ee580000)
  from space 20992K, 0% used [0x00000000ee580000,0x00000000ee580000,0x00000000efa00000)
  to   space 22016K, 0% used [0x00000000f6500000,0x00000000f6500000,0x00000000f7a80000)
 ParOldGen       total 171008K, used 29883K [0x00000000a0000000, 0x00000000aa700000, 0x00000000e0000000)
  object space 171008K, 17% used [0x00000000a0000000,0x00000000a1d2ee68,0x00000000aa700000)
 Metaspace       used 62480K, capacity 64976K, committed 65152K, reserved 1105920K
  class space    used 8345K, capacity 8975K, committed 9088K, reserved 1048576K
Event: 86.536 GC heap after
Heap after GC invocations=13 (full 3):
 PSYoungGen      total 363008K, used 21819K [0x00000000e0000000, 0x00000000f8000000, 0x0000000100000000)
  eden space 340992K, 0% used [0x00000000e0000000,0x00000000e0000000,0x00000000f4d00000)
  from space 22016K, 99% used [0x00000000f6500000,0x00000000f7a4ecf8,0x00000000f7a80000)
  to   space 24576K, 0% used [0x00000000f4d00000,0x00000000f4d00000,0x00000000f6500000)
 ParOldGen       total 171008K, used 29891K [0x00000000a0000000, 0x00000000aa700000, 0x00000000e0000000)
  object space 171008K, 17% used [0x00000000a0000000,0x00000000a1d30e68,0x00000000aa700000)
 Metaspace       used 62480K, capacity 64976K, committed 65152K, reserved 1105920K
  class space    used 8345K, capacity 8975K, committed 9088K, reserved 1048576K
}
Event: 235.095 GC heap before
{Heap before GC invocations=14 (full 3):
 PSYoungGen      total 363008K, used 362811K [0x00000000e0000000, 0x00000000f8000000, 0x0000000100000000)
  eden space 340992K, 100% used [0x00000000e0000000,0x00000000f4d00000,0x00000000f4d00000)
  from space 22016K, 99% used [0x00000000f6500000,0x00000000f7a4ecf8,0x00000000f7a80000)
  to   space 24576K, 0% used [0x00000000f4d00000,0x00000000f4d00000,0x00000000f6500000)
 ParOldGen       total 171008K, used 29891K [0x00000000a0000000, 0x00000000aa700000, 0x00000000e0000000)
  object space 171008K, 17% used [0x00000000a0000000,0x00000000a1d30e68,0x00000000aa700000)
 Metaspace       used 68564K, capacity 71380K, committed 71552K, reserved 1112064K
  class space    used 8882K, capacity 9580K, committed 9600K, reserved 1048576K
Event: 235.115 GC heap after
Heap after GC invocations=14 (full 3):
 PSYoungGen      total 365568K, used 15497K [0x00000000e0000000, 0x0000000100000000, 0x0000000100000000)
  eden space 340992K, 0% used [0x00000000e0000000,0x00000000e0000000,0x00000000f4d00000)
  from space 24576K, 63% used [0x00000000f4d00000,0x00000000f5c22710,0x00000000f6500000)
  to   space 24064K, 0% used [0x00000000fe880000,0x00000000fe880000,0x0000000100000000)
 ParOldGen       total 171008K, used 48180K [0x00000000a0000000, 0x00000000aa700000, 0x00000000e0000000)
  object space 171008K, 28% used [0x00000000a0000000,0x00000000a2f0d138,0x00000000aa700000)
 Metaspace       used 68564K, capacity 71380K, committed 71552K, reserved 1112064K
  class space    used 8882K, capacity 9580K, committed 9600K, reserved 1048576K
}

